# JRE version: Java(TM) SE Runtime Environment Oracle GraalVM 17.0.10+11.1 (17.0.10+11) (build 17.0.10+11-LTS-jvmci-23.0-b27)
# Java VM: Java HotSpot(TM) 64-Bit Server VM Oracle GraalVM 17.0.10+11.1 (17.0.10+11-LTS-jvmci-23.0-b27, mixed mode, emulated-client, sharing, tiered, jvmci, jvmci compiler, compressed oops, compressed class ptrs, g1 gc, windows-amd64)
GC Precious Log:
 CPUs: 8 total, 8 available
 Memory: 7103M
 Large Page Support: Disabled
 NUMA Support: Disabled
 Compressed Oops: Enabled (32-bit)
 Heap Region Size: 1M
 Heap Min Capacity: 8M
 Heap Initial Capacity: 112M
 Heap Max Capacity: 1776M
 Pre-touch: Disabled
 Parallel Workers: 8
 Concurrent Workers: 2
 Concurrent Refinement Workers: 8
 Periodic GC: Disabled
Heap:
 garbage-first heap   total 92160K, used 47163K [0x0000000091000000, 0x0000000100000000)
  region size 1024K, 4 young (4096K), 4 survivors (4096K)
 Metaspace       used 87187K, committed 87808K, reserved 1179648K
  class space    used 12677K, committed 12992K, reserved 1048576K
GC Heap History (20 events):
Event: 7.115 GC heap after
{Heap after GC invocations=14 (full 0):
 garbage-first heap   total 92160K, used 27684K [0x0000000091000000, 0x0000000100000000)
  region size 1024K, 6 young (6144K), 6 survivors (6144K)
 Metaspace       used 46563K, committed 47040K, reserved 1114112K
  class space    used 6547K, committed 6784K, reserved 1048576K
}
Event: 8.047 GC heap before
{Heap before GC invocations=15 (full 0):
 garbage-first heap   total 92160K, used 71716K [0x0000000091000000, 0x0000000100000000)
  region size 1024K, 50 young (51200K), 6 survivors (6144K)
 Metaspace       used 55506K, committed 56064K, reserved 1114112K
  class space    used 7974K, committed 8256K, reserved 1048576K
}
Event: 8.053 GC heap after
{Heap after GC invocations=16 (full 0):
 garbage-first heap   total 92160K, used 29734K [0x0000000091000000, 0x0000000100000000)
  region size 1024K, 5 young (5120K), 5 survivors (5120K)
 Metaspace       used 55506K, committed 56064K, reserved 1114112K
  class space    used 7974K, committed 8256K, reserved 1048576K
}
Event: 8.762 GC heap before
{Heap before GC invocations=16 (full 0):
 garbage-first heap   total 92160K, used 72742K [0x0000000091000000, 0x0000000100000000)
  region size 1024K, 47 young (48128K), 5 survivors (5120K)
 Metaspace       used 61242K, committed 61824K, reserved 1114112K
  class space    used 8796K, committed 9088K, reserved 1048576K
}
Event: 8.768 GC heap after
{Heap after GC invocations=17 (full 0):
 garbage-first heap   total 92160K, used 31934K [0x0000000091000000, 0x0000000100000000)
  region size 1024K, 5 young (5120K), 5 survivors (5120K)
 Metaspace       used 61242K, committed 61824K, reserved 1114112K
  class space    used 8796K, committed 9088K, reserved 1048576K
}
Event: 9.336 GC heap before
{Heap before GC invocations=17 (full 0):
 garbage-first heap   total 92160K, used 73918K [0x0000000091000000, 0x0000000100000000)
  region size 1024K, 46 young (47104K), 5 survivors (5120K)
 Metaspace       used 65596K, committed 66112K, reserved 1114112K
  class space    used 9681K, committed 9920K, reserved 1048576K
}
Event: 9.342 GC heap after
{Heap after GC invocations=18 (full 0):
 garbage-first heap   total 92160K, used 35134K [0x0000000091000000, 0x0000000100000000)
  region size 1024K, 6 young (6144K), 6 survivors (6144K)
 Metaspace       used 65596K, committed 66112K, reserved 1114112K
  class space    used 9681K, committed 9920K, reserved 1048576K
}
Event: 9.893 GC heap before
{Heap before GC invocations=18 (full 0):
 garbage-first heap   total 92160K, used 74046K [0x0000000091000000, 0x0000000100000000)
  region size 1024K, 44 young (45056K), 6 survivors (6144K)
 Metaspace       used 70453K, committed 71040K, reserved 1114112K
  class space    used 10352K, committed 10624K, reserved 1048576K
}
Event: 9.900 GC heap after
{Heap after GC invocations=19 (full 0):
 garbage-first heap   total 92160K, used 36745K [0x0000000091000000, 0x0000000100000000)
  region size 1024K, 5 young (5120K), 5 survivors (5120K)
 Metaspace       used 70453K, committed 71040K, reserved 1114112K
  class space    used 10352K, committed 10624K, reserved 1048576K
}
Event: 10.947 GC heap before
{Heap before GC invocations=19 (full 0):
 garbage-first heap   total 92160K, used 74633K [0x0000000091000000, 0x0000000100000000)
  region size 1024K, 42 young (43008K), 5 survivors (5120K)
 Metaspace       used 78016K, committed 78656K, reserved 1179648K
  class space    used 11318K, committed 11584K, reserved 1048576K
}
Event: 10.954 GC heap after
{Heap after GC invocations=20 (full 0):
 garbage-first heap   total 92160K, used 39815K [0x0000000091000000, 0x0000000100000000)
  region size 1024K, 5 young (5120K), 5 survivors (5120K)
 Metaspace       used 78016K, committed 78656K, reserved 1179648K
  class space    used 11318K, committed 11584K, reserved 1048576K
}
Event: 10.989 GC heap before
{Heap before GC invocations=20 (full 0):
 garbage-first heap   total 92160K, used 40839K [0x0000000091000000, 0x0000000100000000)
  region size 1024K, 7 young (7168K), 5 survivors (5120K)
 Metaspace       used 78154K, committed 78720K, reserved 1179648K
  class space    used 11334K, committed 11584K, reserved 1048576K
}
Event: 10.993 GC heap after
{Heap after GC invocations=21 (full 0):
 garbage-first heap   total 92160K, used 40505K [0x0000000091000000, 0x0000000100000000)
  region size 1024K, 1 young (1024K), 1 survivors (1024K)
 Metaspace       used 78154K, committed 78720K, reserved 1179648K
  class space    used 11334K, committed 11584K, reserved 1048576K
}
Event: 12.011 GC heap before
{Heap before GC invocations=22 (full 0):
 garbage-first heap   total 92160K, used 69177K [0x0000000091000000, 0x0000000100000000)
  region size 1024K, 29 young (29696K), 1 survivors (1024K)
 Metaspace       used 79484K, committed 80064K, reserved 1179648K
  class space    used 11649K, committed 11904K, reserved 1048576K
}
Event: 12.015 GC heap after
{Heap after GC invocations=23 (full 0):
 garbage-first heap   total 92160K, used 41882K [0x0000000091000000, 0x0000000100000000)
  region size 1024K, 3 young (3072K), 3 survivors (3072K)
 Metaspace       used 79484K, committed 80064K, reserved 1179648K
  class space    used 11649K, committed 11904K, reserved 1048576K
}
Event: 12.409 GC heap before
{Heap before GC invocations=23 (full 0):
 garbage-first heap   total 92160K, used 69530K [0x0000000091000000, 0x0000000100000000)
  region size 1024K, 30 young (30720K), 3 survivors (3072K)
 Metaspace       used 80910K, committed 81536K, reserved 1179648K
  class space    used 11874K, committed 12160K, reserved 1048576K
}
Event: 12.413 GC heap after
{Heap after GC invocations=24 (full 0):
 garbage-first heap   total 92160K, used 43161K [0x0000000091000000, 0x0000000100000000)
  region size 1024K, 4 young (4096K), 4 survivors (4096K)
 Metaspace       used 80910K, committed 81536K, reserved 1179648K
  class space    used 11874K, committed 12160K, reserved 1048576K
}
Event: 12.731 GC heap before
{Heap before GC invocations=24 (full 0):
 garbage-first heap   total 92160K, used 71833K [0x0000000091000000, 0x0000000100000000)
  region size 1024K, 32 young (32768K), 4 survivors (4096K)
 Metaspace       used 81676K, committed 82304K, reserved 1179648K
  class space    used 11997K, committed 12288K, reserved 1048576K
}
Event: 12.736 GC heap after
{Heap after GC invocations=25 (full 0):
 garbage-first heap   total 92160K, used 44756K [0x0000000091000000, 0x0000000100000000)
  region size 1024K, 3 young (3072K), 3 survivors (3072K)
 Metaspace       used 81676K, committed 82304K, reserved 1179648K
  class space    used 11997K, committed 12288K, reserved 1048576K
}
Event: 13.605 GC heap before
{Heap before GC invocations=25 (full 0):
 garbage-first heap   total 92160K, used 73428K [0x0000000091000000, 0x0000000100000000)
  region size 1024K, 31 young (31744K), 3 survivors (3072K)
 Metaspace       used 87187K, committed 87808K, reserved 1179648K
  class space    used 12677K, committed 12992K, reserved 1048576K
}

